1668776719380	geckodriver	INFO	Listening on 127.0.0.1:60293
1668776722032	mozrunner::runner	INFO	Running command: "C:\\Program Files\\Mozilla Firefox\\firefox.exe" "--marionette" "--remote-debugging-port" "60294" "--remote-allow-hosts" "localhost" "-no-remote" "-profile" "C:\\Users\\55151\\AppData\\Local\\Temp\\rust_mozprofileu5GuB0"
1668776723032	Marionette	INFO	Marionette enabled
1668776723041	Marionette	INFO	Listening on port 60304
Read port: 60304
WebDriver BiDi listening on ws://127.0.0.1:60294
1668776723264	RemoteAgent	WARN	TLS certificate errors will be ignored for this session
console.warn: SearchSettings: "get: No settings file exists, new profile?" (new NotFoundError("Could not open the file at C:\\Users\\55151\\AppData\\Local\\Temp\\rust_mozprofileu5GuB0\\search.json.mozlz4", (void 0)))
DevTools listening on ws://127.0.0.1:60294/devtools/browser/eb26a5fb-a99b-4022-82eb-7fc89c6caf69
JavaScript warning: https://s1.hdslb.com/bfs/seed/log/report/log-reporter.js, line 1: WebGL context was lost.
JavaScript warning: https://s1.hdslb.com/bfs/seed/log/report/log-reporter.js, line 1: WEBGL_debug_renderer_info is deprecated in Firefox and will be removed. Please use RENDERER.
JavaScript warning: https://s1.hdslb.com/bfs/seed/log/report/log-reporter.js, line 1: WebGL context was lost.
JavaScript warning: https://s1.hdslb.com/bfs/seed/log/report/log-reporter.js, line 1: WebGL context was lost.
JavaScript warning: https://s1.hdslb.com/bfs/seed/log/report/log-reporter.js, line 1: WEBGL_debug_renderer_info is deprecated in Firefox and will be removed. Please use RENDERER.
JavaScript warning: https://s1.hdslb.com/bfs/seed/log/report/log-reporter.js, line 1: WebGL context was lost.
JavaScript warning: https://s1.hdslb.com/bfs/seed/log/meta/fp2.909ff.meta.js, line 1: WebGL context was lost.
JavaScript warning: https://s1.hdslb.com/bfs/seed/log/meta/fp2.909ff.meta.js, line 1: WEBGL_debug_renderer_info is deprecated in Firefox and will be removed. Please use RENDERER.
JavaScript warning: https://s1.hdslb.com/bfs/seed/log/meta/fp2.909ff.meta.js, line 1: WebGL context was lost.
JavaScript warning: https://s1.hdslb.com/bfs/seed/log/meta/fp2.909ff.meta.js, line 1: WebGL context was lost.
JavaScript warning: https://s1.hdslb.com/bfs/seed/log/meta/fp2.909ff.meta.js, line 1: WEBGL_debug_renderer_info is deprecated in Firefox and will be removed. Please use RENDERER.
JavaScript warning: https://s1.hdslb.com/bfs/seed/log/meta/fp2.909ff.meta.js, line 1: WebGL context was lost.
SourceActor threw an exception: [Exception... "Component returned failure code: 0x80470002 (NS_BASE_STREAM_CLOSED) [nsIInputStream.available]"  nsresult: "0x80470002 (NS_BASE_STREAM_CLOSED)"  location: "JS frame :: resource://devtools/shared/DevToolsUtils.js :: onResponse :: line 571"  data: no]
Stack: onResponse@resource://devtools/shared/DevToolsUtils.js:571:34
onStopRequest@resource://gre/modules/NetUtil.jsm:126:18
Line: 571, column: 0
console.error: ({})
JavaScript error: resource://devtools/shared/DevToolsUtils.js, line 571: NS_BASE_STREAM_CLOSED: Component returned failure code: 0x80470002 (NS_BASE_STREAM_CLOSED) [nsIInputStream.available]
JavaScript error: resource://devtools/server/actors/resources/network-events-content.js, line 70: NS_NOINTERFACE: Component returned failure code: 0x80004002 (NS_NOINTERFACE) [nsISupports.QueryInterface]
1668778711151	Marionette	INFO	Stopped listening on port 60304
console.warn: TopSitesFeed: Failed to fetch data from Contile server: NetworkError when attempting to fetch resource.
JavaScript error: , line 0: NotFoundError: No such JSWindowActor 'DevToolsFrame'
[Parent 16920, IPC I/O Parent] WARNING: file /builds/worker/checkouts/gecko/ipc/chromium/src/base/process_util_win.cc:167
[Parent 16920, IPC I/O Parent] WARNING: file /builds/worker/checkouts/gecko/ipc/chromium/src/base/process_util_win.cc:167
[Parent 16920, IPC I/O Parent] WARNING: file /builds/worker/checkouts/gecko/ipc/chromium/src/base/process_util_win.cc:167
JavaScript error: resource://gre/modules/AsyncShutdown.jsm, line 717: Error: Phase "Sqlite.jsm: wait until all connections are closed" is finished, it is too late to register completion condition "protections.sqlite#0: waiting for shutdown"
1668781006095	geckodriver	INFO	Listening on 127.0.0.1:51181
1668781009174	mozrunner::runner	INFO	Running command: "C:\\Program Files\\Mozilla Firefox\\firefox.exe" "--marionette" "--remote-debugging-port" "51182" "--remote-allow-hosts" "localhost" "-no-remote" "-profile" "C:\\Users\\55151\\AppData\\Local\\Temp\\rust_mozprofile8oRY1l"
1668781009758	Marionette	INFO	Marionette enabled
1668781009764	Marionette	INFO	Listening on port 51193
WebDriver BiDi listening on ws://127.0.0.1:51182
Read port: 51193
1668781010063	RemoteAgent	WARN	TLS certificate errors will be ignored for this session
console.warn: SearchSettings: "get: No settings file exists, new profile?" (new NotFoundError("Could not open the file at C:\\Users\\55151\\AppData\\Local\\Temp\\rust_mozprofile8oRY1l\\search.json.mozlz4", (void 0)))
DevTools listening on ws://127.0.0.1:51182/devtools/browser/9004062f-0d53-4aba-9cb7-fdaab5615530
JavaScript warning: https://s1.hdslb.com/bfs/seed/log/report/log-reporter.js, line 1: WebGL context was lost.
JavaScript warning: https://s1.hdslb.com/bfs/seed/log/report/log-reporter.js, line 1: WEBGL_debug_renderer_info is deprecated in Firefox and will be removed. Please use RENDERER.
JavaScript warning: https://s1.hdslb.com/bfs/seed/log/report/log-reporter.js, line 1: WebGL context was lost.
JavaScript warning: https://s1.hdslb.com/bfs/seed/log/report/log-reporter.js, line 1: WebGL context was lost.
JavaScript warning: https://s1.hdslb.com/bfs/seed/log/report/log-reporter.js, line 1: WEBGL_debug_renderer_info is deprecated in Firefox and will be removed. Please use RENDERER.
JavaScript warning: https://s1.hdslb.com/bfs/seed/log/report/log-reporter.js, line 1: WebGL context was lost.
JavaScript warning: https://s1.hdslb.com/bfs/seed/log/meta/fp2.909ff.meta.js, line 1: WebGL context was lost.
JavaScript warning: https://s1.hdslb.com/bfs/seed/log/meta/fp2.909ff.meta.js, line 1: WEBGL_debug_renderer_info is deprecated in Firefox and will be removed. Please use RENDERER.
JavaScript warning: https://s1.hdslb.com/bfs/seed/log/meta/fp2.909ff.meta.js, line 1: WebGL context was lost.
JavaScript warning: https://s1.hdslb.com/bfs/seed/log/meta/fp2.909ff.meta.js, line 1: WebGL context was lost.
JavaScript warning: https://s1.hdslb.com/bfs/seed/log/meta/fp2.909ff.meta.js, line 1: WEBGL_debug_renderer_info is deprecated in Firefox and will be removed. Please use RENDERER.
JavaScript warning: https://s1.hdslb.com/bfs/seed/log/meta/fp2.909ff.meta.js, line 1: WebGL context was lost.
JavaScript error: resource://devtools/server/actors/resources/network-events-content.js, line 70: NS_NOINTERFACE: Component returned failure code: 0x80004002 (NS_NOINTERFACE) [nsISupports.QueryInterface]
SourceActor threw an exception: [Exception... "Component returned failure code: 0x80470002 (NS_BASE_STREAM_CLOSED) [nsIInputStream.available]"  nsresult: "0x80470002 (NS_BASE_STREAM_CLOSED)"  location: "JS frame :: resource://devtools/shared/DevToolsUtils.js :: onResponse :: line 571"  data: no]
Stack: onResponse@resource://devtools/shared/DevToolsUtils.js:571:34
onStopRequest@resource://gre/modules/NetUtil.jsm:126:18
Line: 571, column: 0
console.error: ({})
JavaScript error: resource://devtools/shared/DevToolsUtils.js, line 571: NS_BASE_STREAM_CLOSED: Component returned failure code: 0x80470002 (NS_BASE_STREAM_CLOSED) [nsIInputStream.available]
JavaScript error: resource://gre/modules/AsyncShutdown.jsm, line 574: NotFoundError: No such JSWindowActor 'DevToolsFrame'
1668782243644	Marionette	INFO	Stopped listening on port 51193
[Parent 16224, IPC I/O Parent] WARNING: file /builds/worker/checkouts/gecko/ipc/chromium/src/base/process_util_win.cc:167
oved. Please use RENDERER.
JavaScript warning: https://s1.hdslb.com/bfs/seed/log/report/log-reporter.js, line 1: WebGL context was lost.
JavaScript warning: https://s1.hdslb.com/bfs/seed/log/report/log-reporter.js, line 1: WebGL context was lost.
JavaScript warning: https://s1.hdslb.com/bfs/seed/log/report/log-reporter.js, line 1: WEBGL_debug_renderer_info is deprecated in Firefox and will be removed. Please use RENDERER.
JavaScript warning: https://s1.hdslb.com/bfs/seed/log/report/log-reporter.js, line 1: WebGL context was lost.
JavaScript warning: https://s1.hdslb.com/bfs/seed/log/meta/fp2.909ff.meta.js, line 1: WebGL context was lost.
JavaScript warning: https://s1.hdslb.com/bfs/seed/log/meta/fp2.909ff.meta.js, line 1: WEBGL_debug_renderer_info is deprecated in Firefox and will be removed. Please use RENDERER.
JavaScript warning: https://s1.hdslb.com/bfs/seed/log/meta/fp2.909ff.meta.js, line 1: WebGL context was lost.
JavaScript warning: https://s1.hdslb.com/bfs/seed/log/meta/fp2.909ff.meta.js, line 1: WebGL context was lost.
JavaScript warning: https://s1.hdslb.com/bfs/seed/log/meta/fp2.909ff.meta.js, line 1: WEBGL_debug_renderer_info is deprecated in Firefox and will be removed. Please use RENDERER.
JavaScript warning: https://s1.hdslb.com/bfs/seed/log/meta/fp2.909ff.meta.js, line 1: WebGL context was lost.
JavaScript error: resource://gre/modules/AsyncShutdown.jsm, line 574: NotFoundError: No such JSWindowActor 'DevToolsFrame'
1668782244765	Marionette	INFO	Stopped listening on port 51450
e-debugging-port" "52749" "--remote-allow-hosts" "localhost" "-no-remote" "-profile" "C:\\Users\\55151\\AppData\\Local\\Temp\\rust_mozprofilexkWX57"
1668782141820	Marionette	INFO	Marionette enabled
1668782141826	Marionette	INFO	Listening on port 52758
Read port: 52758
WebDriver BiDi listening on ws://127.0.0.1:52749
1668782141975	RemoteAgent	WARN	TLS certificate errors will be ignored for this session
console.warn: SearchSettings: "get: No settings file exists, new profile?" (new NotFoundError("Could not open the file at C:\\Users\\55151\\AppData\\Local\\Temp\\rust_mozprofilexkWX57\\search.json.mozlz4", (void 0)))
DevTools listening on ws://127.0.0.1:52749/devtools/browser/7033332b-c933-4b48-8cc6-d4db08588a2c
JavaScript warning: https://s1.hdslb.com/bfs/seed/log/report/log-reporter.js, line 1: WebGL context was lost.
JavaScript warning: https://s1.hdslb.com/bfs/seed/log/report/log-reporter.js, line 1: WEBGL_debug_renderer_info is deprecated in Firefox and will be removed. Please use RENDERER.
JavaScript warning: https://s1.hdslb.com/bfs/seed/log/report/log-reporter.js, line 1: WebGL context was lost.
JavaScript warning: https://s1.hdslb.com/bfs/seed/log/report/log-reporter.js, line 1: WebGL context was lost.
JavaScript warning: https://s1.hdslb.com/bfs/seed/log/report/log-reporter.js, line 1: WEBGL_debug_renderer_info is deprecated in Firefox and will be removed. Please use RENDERER.
JavaScript warning: https://s1.hdslb.com/bfs/seed/log/report/log-reporter.js, line 1: WebGL context was lost.
1668782157315	geckodriver	INFO	Listening on 127.0.0.1:52861
1668782160378	mozrunner::runner	INFO	Running command: "C:\\Program Files\\Mozilla Firefox\\firefox.exe" "--marionette" "--remote-debugging-port" "52862" "--remote-allow-hosts" "localhost" "-no-remote" "-profile" "C:\\Users\\55151\\AppData\\Local\\Temp\\rust_mozprofilev2ocmc"
1668782160912	Marionette	INFO	Marionette enabled
1668782160918	Marionette	INFO	Listening on port 52871
Read port: 52871
WebDriver BiDi listening on ws://127.0.0.1:52862
1668782161076	RemoteAgent	WARN	TLS certificate errors will be ignored for this session
console.warn: SearchSettings: "get: No settings file exists, new profile?" (new NotFoundError("Could not open the file at C:\\Users\\55151\\AppData\\Local\\Temp\\rust_mozprofilev2ocmc\\search.json.mozlz4", (v1668782245919	Marionette	INFO	Stopped listening on port 52758
console.warn: TopSitesFeed: Failed to fetch data from Contile server: NetworkError when attempting to fetch resource.
js, line 1: WebGL context was lost.
JavaScript warning: https://s1.hdslb.com/bfs/seed/log/report/log-reporter.js, line 1: WEBGL_debug_renderer_info is deprecated in Firefox and will be removed. Please use RENDERER.
JavaScript warning: https://s1.hdslb.com/bfs/seed/log/report/log-reporter.js, line 1: WebGL context was lost.
JavaScript warning: https://s1.hdslb.com/bfs/seed/log/report/log-reporter.js, line 1: WebGL context was lost.
JavaScript warning: https://s1.hdslb.com/bfs/seed/log/report/log-reporter.js, line 1: WEBGL_debug_renderer_info is deprecated in Firefox and will be removed. Please use RENDERER.
JavaScript warning: https://s1.hdslb.com/bfs/seed/log/report/log-reporter.js, line 1: WebGL context was lost.
JavaScript warning: https://s1.hdslb.com/bfs/seed/log/meta/fp2.909ff.meta.js, line 1: WebGL context was lost.
JavaScript warning: https://s1.hdslb.com/bfs/seed/log/meta/fp2.909ff.meta.js, line 1: WEBGL_debug_renderer_info is deprecated in Firefox and will be removed. Please use RENDERER.
JavaScript warning: https://s1.hdslb.com/bfs/seed/log/meta/fp2.909ff.meta.js, line 1: WebGL context was lost.
JavaScript warning: https://s1.hdslb.com/bfs/seed/log/meta/fp2.909ff.meta.js, line 1: WebGL context was lost.
JavaScript warning: https://s1.hdslb.com/bfs/seed/log/meta/fp2.909ff.meta.js, line 1: WEBGL_debug_renderer_info is deprecated in Firefox and will be removed. Please use RENDERER.
JavaScript warning: https://s1.hdslb.com/bfs/seed/log/meta/fp2.909ff.meta.js, line 1: WebGL context was lost.
JavaScript warning: https://s1.hdslb.com/bfs/seed/log/report/log-reporter.js, line 1: WebGL context was lost.
JavaScript warning: https://s1.hdslb.com/bfs/seed/log/report/log-reporter.js, line 1: WEBGL_debug_renderer_info is deprecated in Firefox and will be removed. Please use RENDERER.
JavaScript warning: https://s1.hdslb.com/bfs/seed/log/report/log-reporter.js, line 1: WebGL context was lost.
JavaScript warning: https://s1.hdslb.com/bfs/seed/log/report/log-reporter.js, line 1: WebGL context was lost.
JavaScript warning: https://s1.hdslb.com/bfs/seed/log/report/log-reporter.js, line 1: WEBGL_debug_renderer_info is deprecated in Firefox and will be removed. Please use RENDERER.
JavaScript warning: https://s1.hdslb.com/bfs/seed/log/report/log-reporter.js, line 1: WebGL context was lost.
JavaScript warning: https://s1.hdslb.com/bfs/seed/log/meta/fp2.909ff.meta.js, line 1: WebGL context was lost.
JavaScript warning: https://s1.hdslb.com/bfs/seed/log/meta/fp2.909ff.meta.js, line 1: WEBGL_debug_renderer_info is deprecated in Firefox and will be removed. Please use RENDERER.
JavaScript warning: https://s1.hdslb.com/bfs/seed/log/meta/fp2.909ff.meta.js, line 1: WebGL context was lost.
JavaScript warning: https://s1.hdslb.com/bfs/seed/log/meta/fp2.909ff.meta.js, line 1: WebGL context was lost.
JavaScript warning: https://s1.hdslb.com/bfs/seed/log/meta/fp2.909ff.meta.js, line 1: WEBGL_debug_renderer_info is deprecated in Firefox and will be removed. Please use RENDERER.
JavaScript warning: https://s1.hdslb.com/bfs/seed/log/meta/fp2.909ff.meta.js, line 1: WebGL context was lost.
JavaScript warning: https://s1.hdslb.com/bfs/seed/log/report/log-reporter.js, line 1: WebGL context was lost.
JavaScript warning: https://s1.hdslb.com/bfs/seed/log/report/log-reporter.js, line 1: WEBGL_debug_renderer_info is deprecated in Firefox and will be removed. Please use RENDERER.
JavaScript warning: https://s1.hdslb.com/bfs/seed/log/report/log-reporter.js, line 1: WebGL context was lost.
JavaScript warning: https://s1.hdslb.com/bfs/seed/log/report/log-reporter.js, line 1: WebGL context was lost.
JavaScript warning: https://s1.hdslb.com/bfs/seed/log/report/log-reporter.js, line 1: WEBGL_debug_renderer_info is deprecated in Firefox and will be removed. Please use RENDERER.
JavaScript warning: https://s1.hdslb.com/bfs/seed/log/report/log-reporter.js, line 1: WebGL context was lost.
JavaScript warning: https://s1.hdslb.com/bfs/seed/log/meta/fp2.909ff.meta.js, line 1: WebGL context was lost.
JavaScript warning: https://s1.hdslb.com/bfs/seed/log/meta/fp2.909ff.meta.js, line 1: WEBGL_debug_renderer_info is deprecated in Firefox and will be removed. Please use RENDERER.
JavaScript warning: https://s1.hdslb.com/bfs/seed/log/meta/fp2.909ff.meta.js, line 1: WebGL context was lost.
JavaScript warning: https://s1.hdslb.com/bfs/seed/log/meta/fp2.909ff.meta.js, line 1: WebGL context was lost.
JavaScript warning: https://s1.hdslb.com/bfs/seed/log/meta/fp2.909ff.meta.js, line 1: WEBGL_debug_renderer_info is deprecated in Firefox and will be removed. Please use RENDERER.
JavaScript warning: https://s1.hdslb.com/bfs/seed/log/meta/fp2.909ff.meta.js, line 1: WebGL context was lost.
1668785923036	Marionette	INFO	Stopped listening on port 52871
console.warn: TopSitesFeed: Failed to fetch data from Contile server: NetworkError when attempting to fetch resource.
